Using pre-set license
Built from '2021.1/staging' branch; Version is '2021.1.0b6 (4f6b2ade48ff) revision 5204778'; Using compiler version '192528614'; Build Type 'Release'
OS: 'Windows 10 Pro; OS build 19042.1110; Version 2009; 64bit' Language: 'en' Physical Memory: 16273 MB
BatchMode: 1, IsHumanControllingUs: 0, StartBugReporterOnCrash: 0, Is64bit: 1, IsPro: 0

 COMMAND LINE ARGUMENTS:
C:\Program Files\Unity\Hub\Editor\2021.1.0b6\Editor\Unity.exe
-adb2
-batchMode
-noUpm
-name
AssetImportWorker0
-projectPath
C:/Users/jonah/OneDrive/Documenten/GitHub/LetarionsFreedom/newLetarion
-logFile
Logs/AssetImportWorker0.log
-srvPort
53790
Successfully changed project path to: C:/Users/jonah/OneDrive/Documenten/GitHub/LetarionsFreedom/newLetarion
C:/Users/jonah/OneDrive/Documenten/GitHub/LetarionsFreedom/newLetarion
Using Asset Import Pipeline V2.
Refreshing native plugins compatible for Editor in 115.31 ms, found 1 plugins.
Preloading 0 native plugins for Editor in 0.00 ms.
Initialize engine version: 2021.1.0b6 (4f6b2ade48ff)
[Subsystems] Discovering subsystems at path C:/Program Files/Unity/Hub/Editor/2021.1.0b6/Editor/Data/Resources/UnitySubsystems
[Subsystems] Discovering subsystems at path C:/Users/jonah/OneDrive/Documenten/GitHub/LetarionsFreedom/newLetarion/Assets
GfxDevice: creating device client; threaded=0; jobified=0
Direct3D:
    Version:  Direct3D 11.0 [level 11.0]
    Renderer: NVIDIA GeForce GTX 960M (ID=0x139b)
    Vendor:   NVIDIA
    VRAM:     2007 MB
    Driver:   27.21.14.6280
Shader 'Universal Render Pipeline/Particles/Lit': fallback shader 'Universal Render Pipeline/Particles/SimpleLit' not found
Initialize mono
Mono path[0] = 'C:/Program Files/Unity/Hub/Editor/2021.1.0b6/Editor/Data/Managed'
Mono path[1] = 'C:/Program Files/Unity/Hub/Editor/2021.1.0b6/Editor/Data/MonoBleedingEdge/lib/mono/unityjit'
Mono config path = 'C:/Program Files/Unity/Hub/Editor/2021.1.0b6/Editor/Data/MonoBleedingEdge/etc'
Using monoOptions --debugger-agent=transport=dt_socket,embedding=1,server=y,suspend=n,address=127.0.0.1:56856
Begin MonoManager ReloadAssembly
Registering precompiled unity dll's ...
Register platform support module: C:/Program Files/Unity/Hub/Editor/2021.1.0b6/Editor/Data/PlaybackEngines/WindowsStandaloneSupport/UnityEditor.WindowsStandalone.Extensions.dll
Registered in 0.002711 seconds.
Native extension for WindowsStandalone target not found
Refreshing native plugins compatible for Editor in 84.86 ms, found 1 plugins.
Preloading 0 native plugins for Editor in 0.00 ms.
Mono: successfully reloaded assembly
- Completed reload, in  2.016 seconds
Platform modules already initialized, skipping
Registering precompiled user dll's ...
Registered in 0.002989 seconds.
Begin MonoManager ReloadAssembly
Native extension for WindowsStandalone target not found
Refreshing native plugins compatible for Editor in 73.57 ms, found 1 plugins.
Preloading 0 native plugins for Editor in 0.00 ms.
Mono: successfully reloaded assembly
- Completed reload, in  1.364 seconds
Platform modules already initialized, skipping
========================================================================
Worker process is ready to serve import requests
Shader 'Universal Render Pipeline/Particles/Lit': fallback shader 'Universal Render Pipeline/Particles/SimpleLit' not found
Launched and connected shader compiler UnityShaderCompiler.exe after 0.05 seconds
Refreshing native plugins compatible for Editor in 0.63 ms, found 1 plugins.
Preloading 0 native plugins for Editor in 0.00 ms.
Unloading 3314 Unused Serialized files (Serialized files now loaded: 0)
System memory in use before: 148.1 MB.
System memory in use after: 148.3 MB.

Unloading 24 unused Assets to reduce memory usage. Loaded Objects now: 3771.
Total: 3.589000 ms (FindLiveObjects: 0.546300 ms CreateObjectMapping: 0.224700 ms MarkObjects: 2.695000 ms  DeleteObjects: 0.121500 ms)

========================================================================
Received Prepare
Shader 'Universal Render Pipeline/Particles/Lit': fallback shader 'Universal Render Pipeline/Particles/SimpleLit' not found
Refreshing native plugins compatible for Editor in 4.48 ms, found 1 plugins.
Preloading 0 native plugins for Editor in 0.00 ms.
Unloading 9 Unused Serialized files (Serialized files now loaded: 0)
System memory in use before: 77.1 MB.
System memory in use after: 77.3 MB.

Unloading 9 unused Assets to reduce memory usage. Loaded Objects now: 3771.
Total: 3.218100 ms (FindLiveObjects: 0.273800 ms CreateObjectMapping: 0.194600 ms MarkObjects: 2.724100 ms  DeleteObjects: 0.024300 ms)

========================================================================
Received Import Request.
  path: Assets/Scenes/level2.unity
  artifactKey: Guid(9426878c6fc59fb42b2b903a65f4551a) Importer(815301076,1909f56bfc062723c751e8b465ee728b)
Start importing Assets/Scenes/level2.unity using Guid(9426878c6fc59fb42b2b903a65f4551a) Importer(815301076,1909f56bfc062723c751e8b465ee728b)  -> (artifact id: 'a529b8db32788473548757ad14f5d844') in 0.021822 seconds 
========================================================================
Received Prepare
Registering precompiled user dll's ...
Registered in 0.003917 seconds.
Begin MonoManager ReloadAssembly
Native extension for WindowsStandalone target not found
Refreshing native plugins compatible for Editor in 0.84 ms, found 1 plugins.
Preloading 0 native plugins for Editor in 0.00 ms.
Mono: successfully reloaded assembly
- Completed reload, in  1.684 seconds
Platform modules already initialized, skipping
Shader 'Universal Render Pipeline/Particles/Lit': fallback shader 'Universal Render Pipeline/Particles/SimpleLit' not found
Refreshing native plugins compatible for Editor in 1.32 ms, found 1 plugins.
Preloading 0 native plugins for Editor in 0.00 ms.
Unloading 3179 Unused Serialized files (Serialized files now loaded: 0)
System memory in use before: 140.0 MB.
System memory in use after: 140.3 MB.

Unloading 12 unused Assets to reduce memory usage. Loaded Objects now: 3774.
Total: 5.391100 ms (FindLiveObjects: 0.565600 ms CreateObjectMapping: 0.346300 ms MarkObjects: 4.431000 ms  DeleteObjects: 0.045500 ms)

========================================================================
Received Prepare
Registering precompiled user dll's ...
Registered in 0.004236 seconds.
Begin MonoManager ReloadAssembly
Native extension for WindowsStandalone target not found
Refreshing native plugins compatible for Editor in 1.27 ms, found 1 plugins.
Preloading 0 native plugins for Editor in 0.00 ms.
Mono: successfully reloaded assembly
- Completed reload, in  1.854 seconds
Platform modules already initialized, skipping
Shader 'Universal Render Pipeline/Particles/Lit': fallback shader 'Universal Render Pipeline/Particles/SimpleLit' not found
Refreshing native plugins compatible for Editor in 1.19 ms, found 1 plugins.
Preloading 0 native plugins for Editor in 0.00 ms.
Unloading 3179 Unused Serialized files (Serialized files now loaded: 0)
System memory in use before: 140.1 MB.
System memory in use after: 140.3 MB.

Unloading 12 unused Assets to reduce memory usage. Loaded Objects now: 3777.
Total: 5.221100 ms (FindLiveObjects: 0.474700 ms CreateObjectMapping: 0.350600 ms MarkObjects: 4.373900 ms  DeleteObjects: 0.020100 ms)

========================================================================
Received Prepare
Registering precompiled user dll's ...
Registered in 0.003556 seconds.
Begin MonoManager ReloadAssembly
Native extension for WindowsStandalone target not found
Refreshing native plugins compatible for Editor in 0.63 ms, found 1 plugins.
Preloading 0 native plugins for Editor in 0.00 ms.
Mono: successfully reloaded assembly
- Completed reload, in  1.157 seconds
Platform modules already initialized, skipping
Shader 'Universal Render Pipeline/Particles/Lit': fallback shader 'Universal Render Pipeline/Particles/SimpleLit' not found
Refreshing native plugins compatible for Editor in 0.66 ms, found 1 plugins.
Preloading 0 native plugins for Editor in 0.00 ms.
Unloading 3179 Unused Serialized files (Serialized files now loaded: 0)
System memory in use before: 140.1 MB.
System memory in use after: 140.4 MB.

Unloading 12 unused Assets to reduce memory usage. Loaded Objects now: 3780.
Total: 4.513500 ms (FindLiveObjects: 0.445800 ms CreateObjectMapping: 0.308600 ms MarkObjects: 3.726900 ms  DeleteObjects: 0.030300 ms)

========================================================================
Received Prepare
Registering precompiled user dll's ...
Registered in 0.002594 seconds.
Begin MonoManager ReloadAssembly
Native extension for WindowsStandalone target not found
Refreshing native plugins compatible for Editor in 0.70 ms, found 1 plugins.
Preloading 0 native plugins for Editor in 0.00 ms.
Mono: successfully reloaded assembly
- Completed reload, in  1.179 seconds
Platform modules already initialized, skipping
Shader 'Universal Render Pipeline/Particles/Lit': fallback shader 'Universal Render Pipeline/Particles/SimpleLit' not found
Refreshing native plugins compatible for Editor in 0.71 ms, found 1 plugins.
Preloading 0 native plugins for Editor in 0.00 ms.
Unloading 3179 Unused Serialized files (Serialized files now loaded: 0)
System memory in use before: 140.1 MB.
System memory in use after: 140.4 MB.

Unloading 12 unused Assets to reduce memory usage. Loaded Objects now: 3783.
Total: 4.043300 ms (FindLiveObjects: 0.294100 ms CreateObjectMapping: 0.319400 ms MarkObjects: 3.406400 ms  DeleteObjects: 0.022200 ms)

========================================================================
Received Prepare
Registering precompiled user dll's ...
Registered in 0.002920 seconds.
Begin MonoManager ReloadAssembly
Native extension for WindowsStandalone target not found
Refreshing native plugins compatible for Editor in 0.70 ms, found 1 plugins.
Preloading 0 native plugins for Editor in 0.00 ms.
Mono: successfully reloaded assembly
- Completed reload, in  1.185 seconds
Platform modules already initialized, skipping
Shader 'Universal Render Pipeline/Particles/Lit': fallback shader 'Universal Render Pipeline/Particles/SimpleLit' not found
Refreshing native plugins compatible for Editor in 0.66 ms, found 1 plugins.
Preloading 0 native plugins for Editor in 0.00 ms.
Unloading 3179 Unused Serialized files (Serialized files now loaded: 0)
System memory in use before: 140.2 MB.
System memory in use after: 140.4 MB.

Unloading 12 unused Assets to reduce memory usage. Loaded Objects now: 3786.
Total: 3.312100 ms (FindLiveObjects: 0.285200 ms CreateObjectMapping: 0.205900 ms MarkObjects: 2.786100 ms  DeleteObjects: 0.033700 ms)

========================================================================
Received Prepare
Registering precompiled user dll's ...
Registered in 0.002744 seconds.
Begin MonoManager ReloadAssembly
Native extension for WindowsStandalone target not found
Refreshing native plugins compatible for Editor in 0.65 ms, found 1 plugins.
Preloading 0 native plugins for Editor in 0.00 ms.
Mono: successfully reloaded assembly
- Completed reload, in  1.125 seconds
Platform modules already initialized, skipping
Shader 'Universal Render Pipeline/Particles/Lit': fallback shader 'Universal Render Pipeline/Particles/SimpleLit' not found
Refreshing native plugins compatible for Editor in 1.21 ms, found 1 plugins.
Preloading 0 native plugins for Editor in 0.00 ms.
Unloading 3179 Unused Serialized files (Serialized files now loaded: 0)
System memory in use before: 140.2 MB.
System memory in use after: 140.4 MB.

Unloading 12 unused Assets to reduce memory usage. Loaded Objects now: 3789.
Total: 3.723100 ms (FindLiveObjects: 0.416300 ms CreateObjectMapping: 0.229000 ms MarkObjects: 3.041000 ms  DeleteObjects: 0.035700 ms)

========================================================================
Received Prepare
Registering precompiled user dll's ...
Registered in 0.002834 seconds.
Begin MonoManager ReloadAssembly
Native extension for WindowsStandalone target not found
Refreshing native plugins compatible for Editor in 1.09 ms, found 1 plugins.
Preloading 0 native plugins for Editor in 0.00 ms.
Mono: successfully reloaded assembly
- Completed reload, in  1.178 seconds
Platform modules already initialized, skipping
Shader 'Universal Render Pipeline/Particles/Lit': fallback shader 'Universal Render Pipeline/Particles/SimpleLit' not found
Refreshing native plugins compatible for Editor in 1.23 ms, found 1 plugins.
Preloading 0 native plugins for Editor in 0.00 ms.
Unloading 3179 Unused Serialized files (Serialized files now loaded: 0)
System memory in use before: 140.2 MB.
System memory in use after: 140.4 MB.

Unloading 12 unused Assets to reduce memory usage. Loaded Objects now: 3792.
Total: 4.309900 ms (FindLiveObjects: 0.277800 ms CreateObjectMapping: 0.191000 ms MarkObjects: 3.818100 ms  DeleteObjects: 0.021500 ms)

========================================================================
Received Prepare
Registering precompiled user dll's ...
Registered in 0.002794 seconds.
Begin MonoManager ReloadAssembly
Native extension for WindowsStandalone target not found
Refreshing native plugins compatible for Editor in 0.65 ms, found 1 plugins.
Preloading 0 native plugins for Editor in 0.00 ms.
Mono: successfully reloaded assembly
- Completed reload, in  1.164 seconds
Platform modules already initialized, skipping
Shader 'Universal Render Pipeline/Particles/Lit': fallback shader 'Universal Render Pipeline/Particles/SimpleLit' not found
Refreshing native plugins compatible for Editor in 0.66 ms, found 1 plugins.
Preloading 0 native plugins for Editor in 0.00 ms.
Unloading 3179 Unused Serialized files (Serialized files now loaded: 0)
System memory in use before: 140.2 MB.
System memory in use after: 140.4 MB.

Unloading 12 unused Assets to reduce memory usage. Loaded Objects now: 3795.
Total: 4.481900 ms (FindLiveObjects: 0.458200 ms CreateObjectMapping: 0.277100 ms MarkObjects: 3.713600 ms  DeleteObjects: 0.031400 ms)

========================================================================
Received Import Request.
  Time since last request: 12284.427942 seconds.
  path: Assets/MasterOwl/OwlIdle.png
  artifactKey: Guid(7f78e7c310fb0a94aa70e27b812343a8) Importer(815301076,1909f56bfc062723c751e8b465ee728b)
Start importing Assets/MasterOwl/OwlIdle.png using Guid(7f78e7c310fb0a94aa70e27b812343a8) Importer(815301076,1909f56bfc062723c751e8b465ee728b)  -> (artifact id: '65ea3de75be351669f929deed06dbaa5') in 0.212344 seconds 
========================================================================
Received Import Request.
  Time since last request: 0.000279 seconds.
  path: Assets/MasterOwl/OwlWalk.png
  artifactKey: Guid(dbe41b9d811b3cb4280e0e079754c72d) Importer(815301076,1909f56bfc062723c751e8b465ee728b)
Start importing Assets/MasterOwl/OwlWalk.png using Guid(dbe41b9d811b3cb4280e0e079754c72d) Importer(815301076,1909f56bfc062723c751e8b465ee728b)  -> (artifact id: 'fb3de663158ebd243528bc629331232e') in 0.037996 seconds 
========================================================================
Received Import Request.
  Time since last request: 0.000418 seconds.
  path: Assets/MasterOwl/talk.png
  artifactKey: Guid(4e9571e7969dd1e408af4bad284d0c1d) Importer(815301076,1909f56bfc062723c751e8b465ee728b)
Start importing Assets/MasterOwl/talk.png using Guid(4e9571e7969dd1e408af4bad284d0c1d) Importer(815301076,1909f56bfc062723c751e8b465ee728b)  -> (artifact id: '411d8fdadbe97d7efba28eaad7cccd41') in 0.030966 seconds 
========================================================================
Received Import Request.
  Time since last request: 4.437152 seconds.
  path: Assets/terrain/checkpouant.png
  artifactKey: Guid(852b8da8cc50bb343a5e4d9c282ba66d) Importer(815301076,1909f56bfc062723c751e8b465ee728b)
Start importing Assets/terrain/checkpouant.png using Guid(852b8da8cc50bb343a5e4d9c282ba66d) Importer(815301076,1909f56bfc062723c751e8b465ee728b)  -> (artifact id: '8d57675e101316203012365d7c85f03c') in 0.032624 seconds 
========================================================================
Received Import Request.
  Time since last request: 0.000222 seconds.
  path: Assets/terrain/pixil-frame-0.asset
  artifactKey: Guid(b47748694bcb96847b7d68e9ac711409) Importer(815301076,1909f56bfc062723c751e8b465ee728b)
Start importing Assets/terrain/pixil-frame-0.asset using Guid(b47748694bcb96847b7d68e9ac711409) Importer(815301076,1909f56bfc062723c751e8b465ee728b)  -> (artifact id: '4f20a9888057a101ccb240918f0e1745') in 0.045188 seconds 
========================================================================
Received Import Request.
  Time since last request: 0.000373 seconds.
  path: Assets/terrain/rock.png
  artifactKey: Guid(4138d6d44f064bc4fb9af1b5f065f4f7) Importer(815301076,1909f56bfc062723c751e8b465ee728b)
Start importing Assets/terrain/rock.png using Guid(4138d6d44f064bc4fb9af1b5f065f4f7) Importer(815301076,1909f56bfc062723c751e8b465ee728b)  -> (artifact id: '3d2fd348e17dfb89a967f108354be60a') in 0.068854 seconds 
========================================================================
Received Import Request.
  Time since last request: 0.000261 seconds.
  path: Assets/terrain/New Material 1.mat
  artifactKey: Guid(2b977ef6fd7346947b3eb673a2868061) Importer(815301076,1909f56bfc062723c751e8b465ee728b)
Start importing Assets/terrain/New Material 1.mat using Guid(2b977ef6fd7346947b3eb673a2868061) Importer(815301076,1909f56bfc062723c751e8b465ee728b)  -> (artifact id: 'd53782edff2521d9ea403be324521285') in 0.248962 seconds 
========================================================================
Received Import Request.
  Time since last request: 0.000367 seconds.
  path: Assets/terrain/grassTerrainTiles_14.asset
  artifactKey: Guid(5e26bb3a3a98be44f8053a3c2848e81f) Importer(815301076,1909f56bfc062723c751e8b465ee728b)
Start importing Assets/terrain/grassTerrainTiles_14.asset using Guid(5e26bb3a3a98be44f8053a3c2848e81f) Importer(815301076,1909f56bfc062723c751e8b465ee728b)  -> (artifact id: 'a6cb637230cfbff52e7b5d6ead560082') in 0.018233 seconds 
========================================================================
Received Import Request.
  Time since last request: 0.000396 seconds.
  path: Assets/terrain/TheNestGrassInside_0.asset
  artifactKey: Guid(b4e08da76b7379c4bab8a3523412b543) Importer(815301076,1909f56bfc062723c751e8b465ee728b)
Start importing Assets/terrain/TheNestGrassInside_0.asset using Guid(b4e08da76b7379c4bab8a3523412b543) Importer(815301076,1909f56bfc062723c751e8b465ee728b)  -> (artifact id: '335963b6fb096c9b32e597b1be4b11bf') in 0.017244 seconds 
========================================================================
Received Import Request.
  Time since last request: 0.000363 seconds.
  path: Assets/terrain/Grass.asset
  artifactKey: Guid(eabca2e6051b16b42a8311fd9b5b071d) Importer(815301076,1909f56bfc062723c751e8b465ee728b)
Start importing Assets/terrain/Grass.asset using Guid(eabca2e6051b16b42a8311fd9b5b071d) Importer(815301076,1909f56bfc062723c751e8b465ee728b)  -> (artifact id: '45e858c7914d91cda3dafc1fc61a2de6') in 0.013822 seconds 
========================================================================
Received Import Request.
  Time since last request: 0.000272 seconds.
  path: Assets/terrain/grassTerrainTiles.png
  artifactKey: Guid(851f13912326b574089879413d727e16) Importer(815301076,1909f56bfc062723c751e8b465ee728b)
Start importing Assets/terrain/grassTerrainTiles.png using Guid(851f13912326b574089879413d727e16) Importer(815301076,1909f56bfc062723c751e8b465ee728b)  -> (artifact id: '75c6b579401eccd3766b0e63ec7830e6') in 0.066453 seconds 
========================================================================
Received Import Request.
  Time since last request: 0.000370 seconds.
  path: Assets/terrain/pixil-frame-0.png
  artifactKey: Guid(1d9915a6e0c664a4eb63f709e5c095c5) Importer(815301076,1909f56bfc062723c751e8b465ee728b)
Start importing Assets/terrain/pixil-frame-0.png using Guid(1d9915a6e0c664a4eb63f709e5c095c5) Importer(815301076,1909f56bfc062723c751e8b465ee728b)  -> (artifact id: '53f94d9eacb5db6aff1b0231bc9c3227') in 0.016397 seconds 
========================================================================
Received Import Request.
  Time since last request: 0.000375 seconds.
  path: Assets/terrain/rock.asset
  artifactKey: Guid(0361a39c69a9d0d4a8f4b7854a590e73) Importer(815301076,1909f56bfc062723c751e8b465ee728b)
Start importing Assets/terrain/rock.asset using Guid(0361a39c69a9d0d4a8f4b7854a590e73) Importer(815301076,1909f56bfc062723c751e8b465ee728b)  -> (artifact id: '0430c408f02f89c607955d68a8f56646') in 0.005856 seconds 
========================================================================
Received Import Request.
  Time since last request: 1.238412 seconds.
  path: Assets/terrain/TheNestGrassInside_3.asset
  artifactKey: Guid(e1e1c4cd356e2214799cc49b80259120) Importer(815301076,1909f56bfc062723c751e8b465ee728b)
Start importing Assets/terrain/TheNestGrassInside_3.asset using Guid(e1e1c4cd356e2214799cc49b80259120) Importer(815301076,1909f56bfc062723c751e8b465ee728b)  -> (artifact id: '77d50257a4875d533e90f509a296c3a3') in 0.018046 seconds 
========================================================================
Received Import Request.
  Time since last request: 0.000372 seconds.
  path: Assets/terrain/TheNestGrassInside_12.asset
  artifactKey: Guid(519d23faa5990124b8140801c7b58618) Importer(815301076,1909f56bfc062723c751e8b465ee728b)
Start importing Assets/terrain/TheNestGrassInside_12.asset using Guid(519d23faa5990124b8140801c7b58618) Importer(815301076,1909f56bfc062723c751e8b465ee728b)  -> (artifact id: '42fc636f21cd8bd902de10ff66919278') in 0.036714 seconds 
========================================================================
Received Prepare
Registering precompiled user dll's ...
Registered in 0.002619 seconds.
Begin MonoManager ReloadAssembly
Native extension for WindowsStandalone target not found
Refreshing native plugins compatible for Editor in 0.66 ms, found 1 plugins.
Preloading 0 native plugins for Editor in 0.00 ms.
Mono: successfully reloaded assembly
- Completed reload, in  1.542 seconds
Platform modules already initialized, skipping
Shader 'Universal Render Pipeline/Particles/Lit': fallback shader 'Universal Render Pipeline/Particles/SimpleLit' not found
Refreshing native plugins compatible for Editor in 0.84 ms, found 1 plugins.
Preloading 0 native plugins for Editor in 0.00 ms.
Unloading 3186 Unused Serialized files (Serialized files now loaded: 0)
System memory in use before: 149.5 MB.
System memory in use after: 149.7 MB.

Unloading 12 unused Assets to reduce memory usage. Loaded Objects now: 4000.
Total: 6.151900 ms (FindLiveObjects: 0.661300 ms CreateObjectMapping: 0.283000 ms MarkObjects: 5.156600 ms  DeleteObjects: 0.048700 ms)

========================================================================
Received Import Request.
  Time since last request: 13.349490 seconds.
  path: Assets/terrain/rock.png
  artifactKey: Guid(4138d6d44f064bc4fb9af1b5f065f4f7) Importer(815301076,1909f56bfc062723c751e8b465ee728b)
Start importing Assets/terrain/rock.png using Guid(4138d6d44f064bc4fb9af1b5f065f4f7) Importer(815301076,1909f56bfc062723c751e8b465ee728b)  -> (artifact id: 'ec4df574f978ec44d4801730fe692f1b') in 0.123534 seconds 
========================================================================
Received Import Request.
  Time since last request: 0.000293 seconds.
  path: Assets/terrain/grassTerrainTiles.png
  artifactKey: Guid(851f13912326b574089879413d727e16) Importer(815301076,1909f56bfc062723c751e8b465ee728b)
Start importing Assets/terrain/grassTerrainTiles.png using Guid(851f13912326b574089879413d727e16) Importer(815301076,1909f56bfc062723c751e8b465ee728b)  -> (artifact id: '50e31cb272583fba0b0df4ef9dc0f5a8') in 0.054482 seconds 
========================================================================
Received Import Request.
  Time since last request: 48.832742 seconds.
  path: Assets/terrain/grassTerrainTiles.png
  artifactKey: Guid(851f13912326b574089879413d727e16) Importer(815301076,1909f56bfc062723c751e8b465ee728b)
Start importing Assets/terrain/grassTerrainTiles.png using Guid(851f13912326b574089879413d727e16) Importer(815301076,1909f56bfc062723c751e8b465ee728b)  -> (artifact id: '20c5ac04224f3af140d5f70980a79aaf') in 0.059450 seconds 
========================================================================
Received Import Request.
  Time since last request: 0.000367 seconds.
  path: Assets/terrain/rock.png
  artifactKey: Guid(4138d6d44f064bc4fb9af1b5f065f4f7) Importer(815301076,1909f56bfc062723c751e8b465ee728b)
Start importing Assets/terrain/rock.png using Guid(4138d6d44f064bc4fb9af1b5f065f4f7) Importer(815301076,1909f56bfc062723c751e8b465ee728b)  -> (artifact id: '5d943b3b309f31c7946242b0bbbe0b21') in 0.061863 seconds 
========================================================================
Received Import Request.
  Time since last request: 8.411718 seconds.
  path: Assets/terrain/grassTerrainTiles.png
  artifactKey: Guid(851f13912326b574089879413d727e16) Importer(815301076,1909f56bfc062723c751e8b465ee728b)
Start importing Assets/terrain/grassTerrainTiles.png using Guid(851f13912326b574089879413d727e16) Importer(815301076,1909f56bfc062723c751e8b465ee728b)  -> (artifact id: 'bbed4c625bd4486a3e8a5e05f5997229') in 0.056511 seconds 
========================================================================
Received Import Request.
  Time since last request: 0.000324 seconds.
  path: Assets/terrain/rock.png
  artifactKey: Guid(4138d6d44f064bc4fb9af1b5f065f4f7) Importer(815301076,1909f56bfc062723c751e8b465ee728b)
Start importing Assets/terrain/rock.png using Guid(4138d6d44f064bc4fb9af1b5f065f4f7) Importer(815301076,1909f56bfc062723c751e8b465ee728b)  -> (artifact id: '09c44e12be23206a296a78a946ef0317') in 0.052032 seconds 
========================================================================
Received Import Request.
  Time since last request: 6.521772 seconds.
  path: Assets/terrain/grassTerrainTiles.png
  artifactKey: Guid(851f13912326b574089879413d727e16) Importer(815301076,1909f56bfc062723c751e8b465ee728b)
Start importing Assets/terrain/grassTerrainTiles.png using Guid(851f13912326b574089879413d727e16) Importer(815301076,1909f56bfc062723c751e8b465ee728b)  -> (artifact id: '1746fd0217bb8cd390151ca13cf69076') in 0.063827 seconds 
========================================================================
Received Import Request.
  Time since last request: 0.000281 seconds.
  path: Assets/terrain/rock.png
  artifactKey: Guid(4138d6d44f064bc4fb9af1b5f065f4f7) Importer(815301076,1909f56bfc062723c751e8b465ee728b)
Start importing Assets/terrain/rock.png using Guid(4138d6d44f064bc4fb9af1b5f065f4f7) Importer(815301076,1909f56bfc062723c751e8b465ee728b)  -> (artifact id: 'ce26c4cb888248af1f25676122d6b441') in 0.062656 seconds 
========================================================================
Received Import Request.
  Time since last request: 6.872392 seconds.
  path: Assets/terrain/grassTerrainTiles.png
  artifactKey: Guid(851f13912326b574089879413d727e16) Importer(815301076,1909f56bfc062723c751e8b465ee728b)
Start importing Assets/terrain/grassTerrainTiles.png using Guid(851f13912326b574089879413d727e16) Importer(815301076,1909f56bfc062723c751e8b465ee728b)  -> (artifact id: '6de93944d4c5e123ec558bc933965629') in 0.042729 seconds 
========================================================================
Received Import Request.
  Time since last request: 0.000272 seconds.
  path: Assets/terrain/rock.png
  artifactKey: Guid(4138d6d44f064bc4fb9af1b5f065f4f7) Importer(815301076,1909f56bfc062723c751e8b465ee728b)
Start importing Assets/terrain/rock.png using Guid(4138d6d44f064bc4fb9af1b5f065f4f7) Importer(815301076,1909f56bfc062723c751e8b465ee728b)  -> (artifact id: '3823ec409728c74ee06ee86341e93673') in 0.042113 seconds 
========================================================================
Received Import Request.
  Time since last request: 6.219077 seconds.
  path: Assets/terrain/grassTerrainTiles.png
  artifactKey: Guid(851f13912326b574089879413d727e16) Importer(815301076,1909f56bfc062723c751e8b465ee728b)
Start importing Assets/terrain/grassTerrainTiles.png using Guid(851f13912326b574089879413d727e16) Importer(815301076,1909f56bfc062723c751e8b465ee728b)  -> (artifact id: '95904221df04f3b91a40621282f81c55') in 0.063646 seconds 
========================================================================
Received Import Request.
  Time since last request: 0.000362 seconds.
  path: Assets/terrain/rock.png
  artifactKey: Guid(4138d6d44f064bc4fb9af1b5f065f4f7) Importer(815301076,1909f56bfc062723c751e8b465ee728b)
Start importing Assets/terrain/rock.png using Guid(4138d6d44f064bc4fb9af1b5f065f4f7) Importer(815301076,1909f56bfc062723c751e8b465ee728b)  -> (artifact id: 'd404dd08a119f22aefee87202819c3fc') in 0.065045 seconds 
========================================================================
Received Import Request.
  Time since last request: 5.876673 seconds.
  path: Assets/terrain/grassTerrainTiles.png
  artifactKey: Guid(851f13912326b574089879413d727e16) Importer(815301076,1909f56bfc062723c751e8b465ee728b)
Start importing Assets/terrain/grassTerrainTiles.png using Guid(851f13912326b574089879413d727e16) Importer(815301076,1909f56bfc062723c751e8b465ee728b)  -> (artifact id: '6afdcd738bc3136084d60beea75e791b') in 0.061738 seconds 
========================================================================
Received Import Request.
  Time since last request: 0.000304 seconds.
  path: Assets/terrain/rock.png
  artifactKey: Guid(4138d6d44f064bc4fb9af1b5f065f4f7) Importer(815301076,1909f56bfc062723c751e8b465ee728b)
Start importing Assets/terrain/rock.png using Guid(4138d6d44f064bc4fb9af1b5f065f4f7) Importer(815301076,1909f56bfc062723c751e8b465ee728b)  -> (artifact id: '6ed43e3426754a8f3e3fb3eaf9ec3627') in 0.062627 seconds 
========================================================================
Received Import Request.
  Time since last request: 3.136092 seconds.
  path: Assets/terrain/grassTerrainTiles.png
  artifactKey: Guid(851f13912326b574089879413d727e16) Importer(815301076,1909f56bfc062723c751e8b465ee728b)
Start importing Assets/terrain/grassTerrainTiles.png using Guid(851f13912326b574089879413d727e16) Importer(815301076,1909f56bfc062723c751e8b465ee728b)  -> (artifact id: '023f6fedb61243effcba627f2a6b20a1') in 0.058975 seconds 
========================================================================
Received Import Request.
  Time since last request: 0.000348 seconds.
  path: Assets/terrain/rock.png
  artifactKey: Guid(4138d6d44f064bc4fb9af1b5f065f4f7) Importer(815301076,1909f56bfc062723c751e8b465ee728b)
Start importing Assets/terrain/rock.png using Guid(4138d6d44f064bc4fb9af1b5f065f4f7) Importer(815301076,1909f56bfc062723c751e8b465ee728b)  -> (artifact id: '78a4751f20919a24123647e8039f8413') in 0.056274 seconds 
========================================================================
Received Import Request.
  Time since last request: 21.038428 seconds.
  path: Assets/terrain/grassTerrainTiles.png
  artifactKey: Guid(851f13912326b574089879413d727e16) Importer(815301076,1909f56bfc062723c751e8b465ee728b)
Start importing Assets/terrain/grassTerrainTiles.png using Guid(851f13912326b574089879413d727e16) Importer(815301076,1909f56bfc062723c751e8b465ee728b)  -> (artifact id: '18b64043fecbf2993855318b0782abb8') in 0.060564 seconds 
========================================================================
Received Import Request.
  Time since last request: 0.000335 seconds.
  path: Assets/terrain/rock.png
  artifactKey: Guid(4138d6d44f064bc4fb9af1b5f065f4f7) Importer(815301076,1909f56bfc062723c751e8b465ee728b)
Start importing Assets/terrain/rock.png using Guid(4138d6d44f064bc4fb9af1b5f065f4f7) Importer(815301076,1909f56bfc062723c751e8b465ee728b)  -> (artifact id: '6c20f499b50392f2fcb422503d10cdc7') in 0.062257 seconds 
========================================================================
Received Import Request.
  Time since last request: 5.326885 seconds.
  path: Assets/terrain/grassTerrainTiles.png
  artifactKey: Guid(851f13912326b574089879413d727e16) Importer(815301076,1909f56bfc062723c751e8b465ee728b)
Start importing Assets/terrain/grassTerrainTiles.png using Guid(851f13912326b574089879413d727e16) Importer(815301076,1909f56bfc062723c751e8b465ee728b)  -> (artifact id: '3295c02c7df3246316e79203baa832de') in 0.064593 seconds 
========================================================================
Received Import Request.
  Time since last request: 0.000326 seconds.
  path: Assets/terrain/rock.png
  artifactKey: Guid(4138d6d44f064bc4fb9af1b5f065f4f7) Importer(815301076,1909f56bfc062723c751e8b465ee728b)
Start importing Assets/terrain/rock.png using Guid(4138d6d44f064bc4fb9af1b5f065f4f7) Importer(815301076,1909f56bfc062723c751e8b465ee728b)  -> (artifact id: '196d33bc714d908ef59aa47dd8e1468e') in 0.049329 seconds 
========================================================================
Received Import Request.
  Time since last request: 4.514760 seconds.
  path: Assets/terrain/grassTerrainTiles.png
  artifactKey: Guid(851f13912326b574089879413d727e16) Importer(815301076,1909f56bfc062723c751e8b465ee728b)
Start importing Assets/terrain/grassTerrainTiles.png using Guid(851f13912326b574089879413d727e16) Importer(815301076,1909f56bfc062723c751e8b465ee728b)  -> (artifact id: '9432693f119afc1664c06d076fca20cb') in 0.064199 seconds 
========================================================================
Received Import Request.
  Time since last request: 0.000318 seconds.
  path: Assets/terrain/rock.png
  artifactKey: Guid(4138d6d44f064bc4fb9af1b5f065f4f7) Importer(815301076,1909f56bfc062723c751e8b465ee728b)
Start importing Assets/terrain/rock.png using Guid(4138d6d44f064bc4fb9af1b5f065f4f7) Importer(815301076,1909f56bfc062723c751e8b465ee728b)  -> (artifact id: 'a18ca701c281ee64f7bd317711d4c0d8') in 0.061648 seconds 
========================================================================
Received Import Request.
  Time since last request: 16.849346 seconds.
  path: Assets/terrain/grassTerrainTiles.png
  artifactKey: Guid(851f13912326b574089879413d727e16) Importer(815301076,1909f56bfc062723c751e8b465ee728b)
Start importing Assets/terrain/grassTerrainTiles.png using Guid(851f13912326b574089879413d727e16) Importer(815301076,1909f56bfc062723c751e8b465ee728b)  -> (artifact id: '168bd3e33b18d3339683c574ce075568') in 0.061709 seconds 
========================================================================
Received Import Request.
  Time since last request: 0.000353 seconds.
  path: Assets/terrain/rock.png
  artifactKey: Guid(4138d6d44f064bc4fb9af1b5f065f4f7) Importer(815301076,1909f56bfc062723c751e8b465ee728b)
Start importing Assets/terrain/rock.png using Guid(4138d6d44f064bc4fb9af1b5f065f4f7) Importer(815301076,1909f56bfc062723c751e8b465ee728b)  -> (artifact id: 'a313ecea4f27cd3446df3d407a405c8d') in 0.057938 seconds 
========================================================================
Received Import Request.
  Time since last request: 12.990633 seconds.
  path: Assets/terrain/grassTerrainTiles.png
  artifactKey: Guid(851f13912326b574089879413d727e16) Importer(815301076,1909f56bfc062723c751e8b465ee728b)
Start importing Assets/terrain/grassTerrainTiles.png using Guid(851f13912326b574089879413d727e16) Importer(815301076,1909f56bfc062723c751e8b465ee728b)  -> (artifact id: '2b711ac1c88f4c76b065e9578f7b0f9e') in 0.060151 seconds 
========================================================================
Received Import Request.
  Time since last request: 0.000395 seconds.
  path: Assets/terrain/rock.png
  artifactKey: Guid(4138d6d44f064bc4fb9af1b5f065f4f7) Importer(815301076,1909f56bfc062723c751e8b465ee728b)
Start importing Assets/terrain/rock.png using Guid(4138d6d44f064bc4fb9af1b5f065f4f7) Importer(815301076,1909f56bfc062723c751e8b465ee728b)  -> (artifact id: '902ba8a9b3f0c84fd7723cbed11177c3') in 0.058921 seconds 
========================================================================
Received Prepare
Registering precompiled user dll's ...
Registered in 0.002782 seconds.
Begin MonoManager ReloadAssembly
Native extension for WindowsStandalone target not found
Refreshing native plugins compatible for Editor in 0.68 ms, found 1 plugins.
Preloading 0 native plugins for Editor in 0.00 ms.
Mono: successfully reloaded assembly
- Completed reload, in  1.544 seconds
Platform modules already initialized, skipping
Shader 'Universal Render Pipeline/Particles/Lit': fallback shader 'Universal Render Pipeline/Particles/SimpleLit' not found
Refreshing native plugins compatible for Editor in 1.37 ms, found 1 plugins.
Preloading 0 native plugins for Editor in 0.00 ms.
Unloading 3179 Unused Serialized files (Serialized files now loaded: 0)
System memory in use before: 159.5 MB.
System memory in use after: 159.7 MB.

Unloading 12 unused Assets to reduce memory usage. Loaded Objects now: 4370.
Total: 3.576700 ms (FindLiveObjects: 0.453800 ms CreateObjectMapping: 0.264200 ms MarkObjects: 2.829400 ms  DeleteObjects: 0.028100 ms)

========================================================================
Received Prepare
Registering precompiled user dll's ...
Registered in 0.002730 seconds.
Begin MonoManager ReloadAssembly
Native extension for WindowsStandalone target not found
Refreshing native plugins compatible for Editor in 0.72 ms, found 1 plugins.
Preloading 0 native plugins for Editor in 0.00 ms.
Mono: successfully reloaded assembly
- Completed reload, in  1.471 seconds
Platform modules already initialized, skipping
Shader 'Universal Render Pipeline/Particles/Lit': fallback shader 'Universal Render Pipeline/Particles/SimpleLit' not found
Refreshing native plugins compatible for Editor in 1.15 ms, found 1 plugins.
Preloading 0 native plugins for Editor in 0.00 ms.
Unloading 3179 Unused Serialized files (Serialized files now loaded: 0)
System memory in use before: 159.5 MB.
System memory in use after: 159.7 MB.

Unloading 12 unused Assets to reduce memory usage. Loaded Objects now: 4373.
Total: 5.057500 ms (FindLiveObjects: 0.597900 ms CreateObjectMapping: 0.319700 ms MarkObjects: 4.078600 ms  DeleteObjects: 0.058800 ms)

========================================================================
Received Prepare
Registering precompiled user dll's ...
Registered in 0.002650 seconds.
Begin MonoManager ReloadAssembly
Native extension for WindowsStandalone target not found
Refreshing native plugins compatible for Editor in 0.75 ms, found 1 plugins.
Preloading 0 native plugins for Editor in 0.00 ms.
Mono: successfully reloaded assembly
- Completed reload, in  1.336 seconds
Platform modules already initialized, skipping
Shader 'Universal Render Pipeline/Particles/Lit': fallback shader 'Universal Render Pipeline/Particles/SimpleLit' not found
Refreshing native plugins compatible for Editor in 0.64 ms, found 1 plugins.
Preloading 0 native plugins for Editor in 0.00 ms.
Unloading 3179 Unused Serialized files (Serialized files now loaded: 0)
System memory in use before: 159.5 MB.
System memory in use after: 159.7 MB.

Unloading 12 unused Assets to reduce memory usage. Loaded Objects now: 4376.
Total: 6.002100 ms (FindLiveObjects: 0.591400 ms CreateObjectMapping: 0.341000 ms MarkObjects: 5.036400 ms  DeleteObjects: 0.031200 ms)

AssetImportWorkerClient::OnTransportError - code=2 error=End of file
